SrangerThingsMobile/Intermediate/Android/arm64/gradle/app/build/intermediates/aapt_proguard_file/release/aapt_rules.txt
-keep class androidx.core.app.CoreComponentFactory { <init>(); }
-keep class androidx.lifecycle.ProcessLifecycleOwnerInitializer { <init>(); }
-keep class com.android.billingclient.api.ProxyBillingActivity { <init>(); }
-keep class com.epicgames.ue4.GameActivity { <init>(); }
-keep class com.epicgames.ue4.GameApplication { <init>(); }
-keep class com.epicgames.ue4.LocalNotificationReceiver { <init>(); }
-keep class com.epicgames.ue4.MulticastBroadcastReceiver { <init>(); }
-keep class com.epicgames.ue4.SplashActivity { <init>(); }
-keep class com.google.android.gms.ads.AdActivity { <init>(); }
-keep class com.google.android.gms.auth.api.signin.RevocationBoundService { <init>(); }
-keep class com.google.android.gms.auth.api.signin.internal.SignInHubActivity { <init>(); }
-keep class com.google.android.gms.common.api.GoogleApiActivity { <init>(); }
-keep class com.twoamgames.StrangeThingsMobile.AlarmReceiver { <init>(); }
-keep class com.twoamgames.StrangeThingsMobile.DownloaderActivity { <init>(); }
-keep class com.twoamgames.StrangeThingsMobile.OBBDownloaderService { <init>(); }