SrangerThingsMobile/Intermediate/Android/arm64/gradle/app/build/outputs/mapping/release/seeds.txt
com.google.android.gms.internal.zzfek: byte[] toByteArray()
com.google.android.gms.internal.zznx
com.google.android.gms.games.GamesClient: com.google.android.gms.tasks.Task getAppId()
com.google.android.gms.games.internal.api.zzcw: com.google.android.gms.common.api.PendingResult loadMatchesByStatus(com.google.android.gms.common.api.GoogleApiClient,int[])
com.google.android.gms.games.multiplayer.ParticipantEntity: boolean isConnectedToRoom()
com.google.android.gms.games.internal.GamesClientImpl: void zzg(com.google.android.gms.common.api.internal.zzn)
com.google.android.gms.common.api.PendingResult: void setResultCallback(com.google.android.gms.common.api.ResultCallback,long,java.util.concurrent.TimeUnit)
com.google.android.gms.internal.zzql: java.lang.CharSequence getCallToAction()
com.google.android.gms.internal.zzcqn: void zza(com.google.android.gms.internal.zzcsq)
com.google.android.gms.internal.zzffw: void zza(com.google.android.gms.internal.zzffg)
com.google.android.gms.internal.zzfjk: void zzb(com.google.android.gms.internal.zzfjs)
com.google.android.gms.games.quest.Quests: void registerQuestUpdateListener(com.google.android.gms.common.api.GoogleApiClient,com.google.android.gms.games.quest.QuestUpdateListener)
com.google.android.gms.games.internal.api.zzy
com.google.android.gms.internal.zzcsq
com.google.android.gms.ads.internal.gmsg.zzab
com.google.android.gms.ads.formats.NativeAppInstallAdView: void setCallToActionView(android.view.View)
com.google.android.gms.drive.DriveResourceClient
com.google.vr.sdk.samples.permission.R$attr: int fontWeight
com.google.android.gms.auth.zzc: zzc()
com.google.android.gms.internal.zzalr: void stop()
com.google.android.gms.common.api.ResultTransform: com.google.android.gms.common.api.Status onFailure(com.google.android.gms.common.api.Status)
com.google.android.gms.internal.zzffu$zzg: int zzphg
com.google.android.gms.ads.formats.NativeContentAdView: android.view.View getImageView()
com.google.android.gms.ads.search.SearchAdRequest$Builder: com.google.android.gms.ads.search.SearchAdRequest$Builder setHeaderTextColor(int)
com.google.android.gms.common.util.zzo
com.google.android.gms.internal.zzft: void zzb(com.google.android.gms.internal.zzgo)
com.google.android.gms.games.internal.GamesClientImpl: void zzb(com.google.android.gms.common.api.internal.zzn,java.lang.String,int,int,int,boolean)
androidx.core.graphics.drawable.IconCompat
com.google.android.gms.ads.doubleclick.PublisherAdView: void loadAd(com.google.android.gms.ads.doubleclick.PublisherAdRequest)
com.google.android.gms.internal.zzcmt: void zzj(com.google.android.gms.common.api.internal.zzn,java.lang.String)
com.google.android.gms.games.SnapshotsClient$SnapshotContentUnavailableApiException: com.google.android.gms.games.snapshot.SnapshotMetadata getSnapshotMetadata()
androidx.fragment.app.Fragment: java.lang.String getString(int,java.lang.Object[])
com.google.android.gms.internal.zzva: void resume()
com.google.android.gms.games.video.VideoCapabilities: boolean isWriteStorageSupported()
com.google.android.gms.internal.zzdpu
com.epicgames.ue4.GameActivity: boolean LocalNotificationScheduleAtTime(android.content.Context,int,java.lang.String,boolean,java.lang.String,java.lang.String,java.lang.String,java.lang.String)
com.epicgames.ue4.GameActivity: void AndroidThunkJava_IapSetupService(java.lang.String)
com.google.android.gms.common.internal.zzah: int zzalk()
com.google.android.gms.ads.internal.zzx: void showInterstitial()
com.google.android.gms.drive.query.SearchableField: com.google.android.gms.drive.metadata.SearchableMetadataField IS_PINNED
com.google.android.gms.nearby.connection.Payload$File: android.os.ParcelFileDescriptor asParcelFileDescriptor()
com.google.android.gms.common.api.internal.zzba: boolean isConnectionCallbacksRegistered(com.google.android.gms.common.api.GoogleApiClient$ConnectionCallbacks)
com.google.android.gms.internal.zzjj: boolean zzbdu