SrangerThingsMobile/Intermediate/Android/arm64/gradle/app/build/outputs/mapping/release/mapping.txt
# compiler: R8
# compiler_version: 2.0.74
# min_api: 21
# pg_map_id: fae3088
# common_typos_disable
...
com.google.android.gms.ads.internal.zzas -> com.google.android.gms.ads.internal.i:
    com.google.android.gms.internal.zzanh zzaqy -> c
    com.google.android.gms.internal.zzol zzaqz -> a
    java.lang.String zzaqx -> b
com.google.android.gms.ads.internal.zzat -> com.google.android.gms.ads.internal.j:
    java.util.concurrent.CountDownLatch zzans -> a
com.google.android.gms.ads.internal.zzau -> com.google.android.gms.ads.internal.k:
    java.util.concurrent.CountDownLatch zzans -> a
com.google.android.gms.ads.internal.zzav -> com.google.android.gms.ads.internal.l:
    com.google.android.gms.internal.zzvm zzarc -> c
    com.google.android.gms.internal.zzvj zzara -> a
    com.google.android.gms.ads.internal.zzab zzarb -> b
com.google.android.gms.ads.internal.zzaw -> com.google.android.gms.ads.internal.zzaw:
    android.content.Context mContext -> a
    com.google.android.gms.internal.zzakd zzarf -> c
    java.lang.Object sLock -> d
    com.google.android.gms.ads.internal.zzaw zzard -> e
    boolean zzare -> b
    android.content.Context zza(com.google.android.gms.ads.internal.zzaw) -> p
com.google.android.gms.ads.internal.zzax -> com.google.android.gms.ads.internal.m:
    com.google.android.gms.ads.internal.zzaw zzarh -> b
    java.lang.Runnable zzarg -> a
com.google.android.gms.ads.internal.zzay -> com.google.android.gms.ads.internal.n:
    com.google.android.gms.ads.internal.zzax zzari -> a
com.google.android.gms.ads.internal.zzb -> com.google.android.gms.ads.internal.o:
    java.util.concurrent.CountDownLatch zzans -> a
    com.google.android.gms.ads.internal.zza zzanu -> c
    java.util.Timer zzant -> b
com.google.android.gms.ads.internal.zzba -> com.google.android.gms.ads.internal.zzba:
    boolean zzarj -> m
    boolean zzanz -> p
    com.google.android.gms.internal.zzzb zzarn -> r
    com.google.android.gms.internal.zzanh zzarl -> o
    java.lang.String zzaro -> s
    java.lang.Object mLock -> l
    com.google.android.gms.internal.zzalf zzark -> n
    int zzarm -> q
    void zzi(int) -> C
    boolean zza(com.google.android.gms.internal.zzjj,com.google.android.gms.internal.zzafo,boolean) -> G
    void zza(com.google.android.gms.ads.internal.zzba,com.google.android.gms.ads.internal.zzbt,com.google.android.gms.ads.internal.zzbt) -> J
    void zza(com.google.android.gms.ads.internal.zzbt,com.google.android.gms.ads.internal.zzbt) -> K
    void zza(com.google.android.gms.internal.zzoj) -> L
    void zza(com.google.android.gms.internal.zzol) -> M
    com.google.android.gms.internal.zzui zzcy() -> N
    void zzdp() -> O
    java.util.concurrent.Future zzdr() -> P
    void zzdw() -> Q
    void zzby() -> v
    void zzc(int,boolean) -> x
    void zzc(boolean) -> y
com.google.android.gms.ads.internal.zzbb -> com.google.android.gms.ads.internal.p:
    com.google.android.gms.internal.zzafp zzanv -> a
    com.google.android.gms.ads.internal.zzba zzarp -> b
com.google.android.gms.ads.internal.zzbc -> com.google.android.gms.ads.internal.q:
    com.google.android.gms.ads.internal.zzba zzarp -> e
    com.google.android.gms.internal.zzafp zzanv -> d
    org.json.JSONArray zzarr -> b
    int zzars -> c
    int zzarq -> a
com.google.android.gms.ads.internal.zzbd -> com.google.android.gms.ads.internal.r:
    com.google.android.gms.ads.internal.zzba zzarp -> d
    com.google.android.gms.internal.zzou zzart -> a
    java.util.List zzaru -> c
    int zzarq -> b
com.google.android.gms.ads.internal.zzbe -> com.google.android.gms.ads.internal.s:
    com.google.android.gms.internal.zzoj zzaoi -> a
    com.google.android.gms.ads.internal.zzba zzarp -> b
com.google.android.gms.ads.internal.zzbf -> com.google.android.gms.ads.internal.t:
    com.google.android.gms.internal.zzol zzaoj -> a
    com.google.android.gms.ads.internal.zzba zzarp -> b