SrangerThingsMobile/Intermediate/Android/arm64/gradle/app/build/outputs/mapping/release/usage.txt
com.google.android.gms.internal.zzdsp
com.google.android.gms.common.api.GoogleApiClient$Builder:
    private boolean zzfnc
com.google.android.gms.internal.zzcuc
com.google.android.gms.internal.zzblg:
    private final int zzgms
com.google.android.gms.common.api.zze:
    private static final java.util.Map zzfng
    private static final java.lang.Object sLock
com.google.android.gms.internal.zzfff
com.google.android.gms.ads.internal.gmsg.zzj
com.google.android.gms.auth.api.Auth:
    private static com.google.android.gms.common.api.Api zzedb
    private static com.google.android.gms.internal.zzaur zzedc
com.google.android.gms.auth.api.credentials.PasswordSpecification:
    private final int[] zzega
    private final java.util.Random zzbfo
com.google.android.gms.internal.zzfek:
    private static boolean zzpfb
com.google.android.gms.internal.zzjk:
    private boolean zzbei
com.google.android.gms.internal.zzdr:
    private static final char[] zzaju
com.google.android.gms.internal.zzaft:
    private boolean zzcyu
    private java.lang.String zzczb
    private boolean zzczc
com.google.android.gms.internal.zzdtb:
    private static final com.google.android.gms.internal.zzfgb zzbcl
com.google.android.gms.ads.internal.js.zze:
    private final android.content.Context mContext
com.epicgames.ue4.GooglePlayLicensing:
    private com.epicgames.ue4.Logger Log
    private static final byte[] SALT
com.google.android.gms.internal.zzbt:
    protected abstract void zzj(java.lang.String)
android.support.v4.os.ResultReceiver:
    final boolean mLocal
androidx.fragment.app.FragmentHostCallback:
    private final int mWindowAnimations
com.google.android.gms.internal.zzcty
com.google.android.gms.dynamite.DynamiteModule:
    private static com.google.android.gms.dynamite.DynamiteModule$zzd zzgwx
com.epicgames.ue4.WebViewControl$BitmapRenderer:
    private int mLastFramePosition
    private final java.lang.String mBlitVextexShader
    private final java.lang.String mBlitFragmentShaderBGRA
    private final java.lang.String mBlitFragmentShaderRGBA
com.google.android.gms.internal.zzbfe
com.google.android.gms.internal.zzffg$zzb:
    private final int offset
com.android.vending.expansion.zipfile.ZipResourceFile:
    java.nio.ByteBuffer mLEByteBuffer
com.google.android.gms.internal.play_billing.zze:
    private static com.google.android.gms.internal.play_billing.zzg zza
androidx.arch.core.executor.ArchTaskExecutor$1
com.google.android.gms.internal.zzcx:
    private final java.security.SecureRandom zzaic
com.google.android.gms.internal.zzacl:
    private final long zzcsj
com.epicgames.ue4.VideoDecoder:
    private boolean SupportsImageExternal
    private android.media.MediaCodec mAudioCodec
    private boolean isEOS
    private volatile boolean NewFrameAvailable
com.google.android.gms.internal.zzxu:
    private java.lang.Object zzcjn
com.google.android.gms.internal.zzgs:
    private long timestamp
    private boolean zzaxo
    private boolean zzaxp
    private int zzakf
    private boolean zzaxt
    private boolean zzaxv
    private float zzaxx
com.google.android.gms.internal.zzai:
    private com.google.android.gms.internal.zzaq zzbp
com.google.android.gms.internal.zzaiv:
    private static com.google.android.gms.internal.zzajb zzdcl
com.google.android.gms.nearby.messages.internal.zzby:
    private static com.google.android.gms.common.api.Api$zzf zzebf
androidx.fragment.app.BackStackRecord:
    boolean mAllowAddToBackStack
com.android.vending.expansion.zipfile.ZipResourceFile$ZipEntryRO:
    public long mWhenModified
com.google.android.gms.internal.zzbpc:
    private com.google.android.gms.drive.events.OnChangeListener zzgpo
androidx.fragment.app.FragmentTransitionCompat21$2:
    final synthetic androidx.fragment.app.FragmentTransitionCompat21 this$0
com.google.android.gms.internal.zzul:
    private final boolean zzcek
com.google.android.gms.internal.zzdtt:
    private static final com.google.android.gms.internal.zzfgb zzbcl